app/build/outputs/logs/manifest-merger-debug-report.txt
-- Merging decision tree log ---
manifest
ADDED from src\main\AndroidManifest.xml:2:1-38:12
	package
		ADDED from src\main\AndroidManifest.xml:3:11-72
		INJECTED from src\main\AndroidManifest.xml
		INJECTED from src\main\AndroidManifest.xml
	android:versionName
		ADDED from src\main\AndroidManifest.xml:5:11-36
		INJECTED from src\main\AndroidManifest.xml
		INJECTED from src\main\AndroidManifest.xml
	android:versionCode
		ADDED from src\main\AndroidManifest.xml:4:11-34
		INJECTED from src\main\AndroidManifest.xml
		INJECTED from src\main\AndroidManifest.xml
	xmlns:android
		ADDED from src\main\AndroidManifest.xml:2:11-69
uses-sdk
ADDED from src\main\AndroidManifest.xml:7:5-86
	android:targetSdkVersion
		ADDED from src\main\AndroidManifest.xml:7:55-84
		INJECTED from src\main\AndroidManifest.xml
		INJECTED from src\main\AndroidManifest.xml
	android:minSdkVersion
		ADDED from src\main\AndroidManifest.xml:7:15-41
		INJECTED from src\main\AndroidManifest.xml
		INJECTED from src\main\AndroidManifest.xml
uses-permission#android.permission.INTERNET
ADDED from src\main\AndroidManifest.xml:9:5-66
	android:name
		ADDED from src\main\AndroidManifest.xml:9:22-64
uses-permission#android.permission.ACCESS_NETWORK_STATE
ADDED from src\main\AndroidManifest.xml:10:5-79
	android:name
		ADDED from src\main\AndroidManifest.xml:10:22-76
uses-permission#android.permission.WRITE_EXTERNAL_STORAGE
ADDED from src\main\AndroidManifest.xml:11:5-80
	android:name
		ADDED from src\main\AndroidManifest.xml:11:22-78
uses-permission#android.permission.ACCESS_FINE_LOCATION
ADDED from src\main\AndroidManifest.xml:12:5-78
	android:name
		ADDED from src\main\AndroidManifest.xml:12:22-76
uses-permission#android.permission.ACCESS_COARSE_LOCATION
ADDED from src\main\AndroidManifest.xml:14:5-97
	android:name
		ADDED from src\main\AndroidManifest.xml:14:22-78
uses-permission#android.permission.RESTART_PACKAGES
ADDED from src\main\AndroidManifest.xml:15:5-74
	android:name
		ADDED from src\main\AndroidManifest.xml:15:22-72
application
ADDED from src\main\AndroidManifest.xml:17:5-37:19
	android:label
		ADDED from src\main\AndroidManifest.xml:18:13-45
	android:icon
		ADDED from src\main\AndroidManifest.xml:19:13-42
	android:theme
		ADDED from src\main\AndroidManifest.xml:20:13-83
activity#com.bulletnoid.android.widget.StaggeredGridViewDemo.Splash
ADDED from src\main\AndroidManifest.xml:22:9-27:20
	android:label
		ADDED from src\main\AndroidManifest.xml:22:58-90
	android:name
		ADDED from src\main\AndroidManifest.xml:22:19-40
intent-filter#android.intent.action.MAIN+android.intent.category.LAUNCHER
ADDED from src\main\AndroidManifest.xml:23:13-26:29
action#android.intent.action.MAIN
ADDED from src\main\AndroidManifest.xml:24:17-68
	android:name
		ADDED from src\main\AndroidManifest.xml:24:25-66
category#android.intent.category.LAUNCHER
ADDED from src\main\AndroidManifest.xml:25:17-76
	android:name
		ADDED from src\main\AndroidManifest.xml:25:27-74
activity#com.bulletnoid.android.widget.StaggeredGridViewDemo.LoginForm
ADDED from src\main\AndroidManifest.xml:28:9-105
	android:windowSoftInputMode
		ADDED from src\main\AndroidManifest.xml:28:46-93
	android:name
		ADDED from src\main\AndroidManifest.xml:28:19-44
activity#com.bulletnoid.android.widget.StaggeredGridViewDemo.RegisterForm
ADDED from src\main\AndroidManifest.xml:29:9-108
	android:windowSoftInputMode
		ADDED from src\main\AndroidManifest.xml:29:49-96
	android:name
		ADDED from src\main\AndroidManifest.xml:29:19-47
activity#com.bulletnoid.android.widget.StaggeredGridViewDemo.SetGPS
ADDED from src\main\AndroidManifest.xml:30:9-102
	android:windowSoftInputMode
		ADDED from src\main\AndroidManifest.xml:30:43-90
	android:name
		ADDED from src\main\AndroidManifest.xml:30:19-41
activity#com.bulletnoid.android.widget.StaggeredGridViewDemo.SetSubway
ADDED from src\main\AndroidManifest.xml:31:9-105
	android:windowSoftInputMode
		ADDED from src\main\AndroidManifest.xml:31:46-93
	android:name
		ADDED from src\main\AndroidManifest.xml:31:19-44
activity#com.bulletnoid.android.widget.StaggeredGridViewDemo.STGVActivity
ADDED from src\main\AndroidManifest.xml:32:9-218
	android:screenOrientation
		ADDED from src\main\AndroidManifest.xml:32:122-158
	android:label
		ADDED from src\main\AndroidManifest.xml:32:78-106
	android:theme
		ADDED from src\main\AndroidManifest.xml:32:159-206
	android:name
		ADDED from src\main\AndroidManifest.xml:32:34-62
activity#com.bulletnoid.android.widget.StaggeredGridViewDemo.Welcome
ADDED from src\main\AndroidManifest.xml:33:9-54
	android:name
		ADDED from src\main\AndroidManifest.xml:33:19-42
activity#com.bulletnoid.android.widget.StaggeredGridViewDemo.SetModify
ADDED from src\main\AndroidManifest.xml:34:9-105
	android:theme
		ADDED from src\main\AndroidManifest.xml:34:46-93
	android:name
		ADDED from src\main\AndroidManifest.xml:34:19-44
activity#com.bulletnoid.android.widget.StaggeredGridViewDemo.ModifyGPS
ADDED from src\main\AndroidManifest.xml:35:9-152
	android:windowSoftInputMode
		ADDED from src\main\AndroidManifest.xml:35:93-140
	android:theme
		ADDED from src\main\AndroidManifest.xml:35:45-92
	android:name
		ADDED from src\main\AndroidManifest.xml:35:19-44
activity#com.bulletnoid.android.widget.StaggeredGridViewDemo.ModifySubway
ADDED from src\main\AndroidManifest.xml:36:9-156
	android:windowSoftInputMode
		ADDED from src\main\AndroidManifest.xml:36:97-144
	android:theme
		ADDED from src\main\AndroidManifest.xml:36:49-96
	android:name
		ADDED from src\main\AndroidManifest.xml:36:19-47